Determining if files dns_sd.h exist failed with the following output:
Change Dir: /home/jrgunderson/Downloads/player/build/CMakeFiles/CMakeTmp

Run Build Command:/usr/bin/make "cmTryCompileExec307465360/fast"
/usr/bin/make -f CMakeFiles/cmTryCompileExec307465360.dir/build.make CMakeFiles/cmTryCompileExec307465360.dir/build
make[1]: Entering directory `/home/jrgunderson/Downloads/player/build/CMakeFiles/CMakeTmp'
/usr/bin/cmake -E cmake_progress_report /home/jrgunderson/Downloads/player/build/CMakeFiles/CMakeTmp/CMakeFiles 1
Building C object CMakeFiles/cmTryCompileExec307465360.dir/CheckIncludeFiles.c.o
/usr/bin/cc   -Wall    -o CMakeFiles/cmTryCompileExec307465360.dir/CheckIncludeFiles.c.o   -c /home/jrgunderson/Downloads/player/build/CMakeFiles/CMakeTmp/CheckIncludeFiles.c
/home/jrgunderson/Downloads/player/build/CMakeFiles/CMakeTmp/CheckIncludeFiles.c:2:20: fatal error: dns_sd.h: No such file or directory
 #include <dns_sd.h>
                    ^
compilation terminated.
make[1]: Leaving directory `/home/jrgunderson/Downloads/player/build/CMakeFiles/CMakeTmp'
make[1]: *** [CMakeFiles/cmTryCompileExec307465360.dir/CheckIncludeFiles.c.o] Error 1
make: *** [cmTryCompileExec307465360/fast] Error 2

Source:
/* */
#include <dns_sd.h>


int main(){return 0;}

Determining if files sys/filio.h exist failed with the following output:
Change Dir: /home/jrgunderson/Downloads/player/build/CMakeFiles/CMakeTmp

Run Build Command:/usr/bin/make "cmTryCompileExec1057399594/fast"
/usr/bin/make -f CMakeFiles/cmTryCompileExec1057399594.dir/build.make CMakeFiles/cmTryCompileExec1057399594.dir/build
make[1]: Entering directory `/home/jrgunderson/Downloads/player/build/CMakeFiles/CMakeTmp'
/usr/bin/cmake -E cmake_progress_report /home/jrgunderson/Downloads/player/build/CMakeFiles/CMakeTmp/CMakeFiles 1
Building C object CMakeFiles/cmTryCompileExec1057399594.dir/CheckIncludeFiles.c.o
/usr/bin/cc   -Wall    -o CMakeFiles/cmTryCompileExec1057399594.dir/CheckIncludeFiles.c.o   -c /home/jrgunderson/Downloads/player/build/CMakeFiles/CMakeTmp/CheckIncludeFiles.c
/home/jrgunderson/Downloads/player/build/CMakeFiles/CMakeTmp/CheckIncludeFiles.c:2:23: fatal error: sys/filio.h: No such file or directory
 #include <sys/filio.h>
                       ^
compilation terminated.
make[1]: Leaving directory `/home/jrgunderson/Downloads/player/build/CMakeFiles/CMakeTmp'
make[1]: *** [CMakeFiles/cmTryCompileExec1057399594.dir/CheckIncludeFiles.c.o] Error 1
make: *** [cmTryCompileExec1057399594/fast] Error 2

Source:
/* */
#include <sys/filio.h>


int main(){return 0;}

Determining if files ieeefp.h exist failed with the following output:
Change Dir: /home/jrgunderson/Downloads/player/build/CMakeFiles/CMakeTmp

Run Build Command:/usr/bin/make "cmTryCompileExec4149622118/fast"
/usr/bin/make -f CMakeFiles/cmTryCompileExec4149622118.dir/build.make CMakeFiles/cmTryCompileExec4149622118.dir/build
make[1]: Entering directory `/home/jrgunderson/Downloads/player/build/CMakeFiles/CMakeTmp'
/usr/bin/cmake -E cmake_progress_report /home/jrgunderson/Downloads/player/build/CMakeFiles/CMakeTmp/CMakeFiles 1
Building C object CMakeFiles/cmTryCompileExec4149622118.dir/CheckIncludeFiles.c.o
/usr/bin/cc   -Wall    -o CMakeFiles/cmTryCompileExec4149622118.dir/CheckIncludeFiles.c.o   -c /home/jrgunderson/Downloads/player/build/CMakeFiles/CMakeTmp/CheckIncludeFiles.c
/home/jrgunderson/Downloads/player/build/CMakeFiles/CMakeTmp/CheckIncludeFiles.c:2:20: fatal error: ieeefp.h: No such file or directory
 #include <ieeefp.h>
                    ^
compilation terminated.
make[1]: Leaving directory `/home/jrgunderson/Downloads/player/build/CMakeFiles/CMakeTmp'
make[1]: *** [CMakeFiles/cmTryCompileExec4149622118.dir/CheckIncludeFiles.c.o] Error 1
make: *** [cmTryCompileExec4149622118/fast] Error 2

Source:
/* */
#include <ieeefp.h>


int main(){return 0;}

Determining if the function GEOSGeomFromWKB_buf exists in the geos_c failed with the following output:
Change Dir: /home/jrgunderson/Downloads/player/build/CMakeFiles/CMakeTmp

Run Build Command:/usr/bin/make "cmTryCompileExec3262478099/fast"
/usr/bin/make -f CMakeFiles/cmTryCompileExec3262478099.dir/build.make CMakeFiles/cmTryCompileExec3262478099.dir/build
make[1]: Entering directory `/home/jrgunderson/Downloads/player/build/CMakeFiles/CMakeTmp'
/usr/bin/cmake -E cmake_progress_report /home/jrgunderson/Downloads/player/build/CMakeFiles/CMakeTmp/CMakeFiles 1
Building C object CMakeFiles/cmTryCompileExec3262478099.dir/CheckFunctionExists.c.o
/usr/bin/cc   -Wall -DCHECK_FUNCTION_EXISTS=GEOSGeomFromWKB_buf   -o CMakeFiles/cmTryCompileExec3262478099.dir/CheckFunctionExists.c.o   -c /usr/share/cmake-2.8/Modules/CheckFunctionExists.c
Linking C executable cmTryCompileExec3262478099
/usr/bin/cmake -E cmake_link_script CMakeFiles/cmTryCompileExec3262478099.dir/link.txt --verbose=1
/usr/bin/cc   -Wall -DCHECK_FUNCTION_EXISTS=GEOSGeomFromWKB_buf    CMakeFiles/cmTryCompileExec3262478099.dir/CheckFunctionExists.c.o  -o cmTryCompileExec3262478099 -rdynamic -lgeos_c 
/usr/bin/ld: cannot find -lgeos_c
collect2: error: ld returned 1 exit status
make[1]: *** [cmTryCompileExec3262478099] Error 1
make[1]: Leaving directory `/home/jrgunderson/Downloads/player/build/CMakeFiles/CMakeTmp'
make: *** [cmTryCompileExec3262478099/fast] Error 2


Determining if the system is big endian passed with the following output:
Change Dir: /home/jrgunderson/Downloads/player/build/CMakeFiles/CMakeTmp

Run Build Command:/usr/bin/make "cmTryCompileExec1334620106/fast"
/usr/bin/make -f CMakeFiles/cmTryCompileExec1334620106.dir/build.make CMakeFiles/cmTryCompileExec1334620106.dir/build
make[1]: Entering directory `/home/jrgunderson/Downloads/player/build/CMakeFiles/CMakeTmp'
/usr/bin/cmake -E cmake_progress_report /home/jrgunderson/Downloads/player/build/CMakeFiles/CMakeTmp/CMakeFiles 1
Building C object CMakeFiles/cmTryCompileExec1334620106.dir/TestEndianess.c.o
/usr/bin/cc   -Wall    -o CMakeFiles/cmTryCompileExec1334620106.dir/TestEndianess.c.o   -c /home/jrgunderson/Downloads/player/build/CMakeFiles/CMakeTmp/TestEndianess.c
Linking C executable cmTryCompileExec1334620106
/usr/bin/cmake -E cmake_link_script CMakeFiles/cmTryCompileExec1334620106.dir/link.txt --verbose=1
/usr/bin/cc   -Wall     CMakeFiles/cmTryCompileExec1334620106.dir/TestEndianess.c.o  -o cmTryCompileExec1334620106 -rdynamic 
make[1]: Leaving directory `/home/jrgunderson/Downloads/player/build/CMakeFiles/CMakeTmp'

TestEndianess.c:
/* A 16 bit integer is required. */
typedef unsigned short cmakeint16;

/* On a little endian machine, these 16bit ints will give "THIS IS LITTLE ENDIAN."
   On a big endian machine the characters will be exchanged pairwise. */
const cmakeint16 info_little[] =  {0x4854, 0x5349, 0x4920, 0x2053, 0x494c, 0x5454, 0x454c, 0x4520, 0x444e, 0x4149, 0x2e4e, 0x0000};

/* on a big endian machine, these 16bit ints will give "THIS IS BIG ENDIAN."
   On a little endian machine the characters will be exchanged pairwise. */
const cmakeint16 info_big[] =     {0x5448, 0x4953, 0x2049, 0x5320, 0x4249, 0x4720, 0x454e, 0x4449, 0x414e, 0x2e2e, 0x0000};

#ifdef __CLASSIC_C__
int main(argc, argv) int argc; char *argv[];
#else
int main(int argc, char *argv[])
#endif
{
  int require = 0;
  require += info_little[argc];
  require += info_big[argc];
  (void)argv;
  return require;
}


Performing C SOURCE FILE Test HAVE_PHIDGET_2_1_7 failed with the following output:
Change Dir: /home/jrgunderson/Downloads/player/build/CMakeFiles/CMakeTmp

Run Build Command:/usr/bin/make "cmTryCompileExec3099933514/fast"
/usr/bin/make -f CMakeFiles/cmTryCompileExec3099933514.dir/build.make CMakeFiles/cmTryCompileExec3099933514.dir/build
make[1]: Entering directory `/home/jrgunderson/Downloads/player/build/CMakeFiles/CMakeTmp'
/usr/bin/cmake -E cmake_progress_report /home/jrgunderson/Downloads/player/build/CMakeFiles/CMakeTmp/CMakeFiles 1
Building C object CMakeFiles/cmTryCompileExec3099933514.dir/src.c.o
/usr/bin/cc   -Wall -DHAVE_PHIDGET_2_1_7  -lphidget21 -lphidget21   -o CMakeFiles/cmTryCompileExec3099933514.dir/src.c.o   -c /home/jrgunderson/Downloads/player/build/CMakeFiles/CMakeTmp/src.c
Linking C executable cmTryCompileExec3099933514
/usr/bin/cmake -E cmake_link_script CMakeFiles/cmTryCompileExec3099933514.dir/link.txt --verbose=1
/usr/bin/cc   -Wall -DHAVE_PHIDGET_2_1_7  -lphidget21 -lphidget21    CMakeFiles/cmTryCompileExec3099933514.dir/src.c.o  -o cmTryCompileExec3099933514 -rdynamic 
CMakeFiles/cmTryCompileExec3099933514.dir/src.c.o: In function `main':
src.c:(.text+0x1f): undefined reference to `CPhidgetInterfaceKit_create'
src.c:(.text+0x32): undefined reference to `CPhidgetInterfaceKit_getOutputCount'
collect2: error: ld returned 1 exit status
make[1]: Leaving directory `/home/jrgunderson/Downloads/player/build/CMakeFiles/CMakeTmp'
make[1]: *** [cmTryCompileExec3099933514] Error 1
make: *** [cmTryCompileExec3099933514/fast] Error 2

Source file was:
#include <phidget21.h>
 int main () 
    {CPhidgetInterfaceKitHandle ifk=0; int phidget_num_outputs=0;
    CPhidgetInterfaceKit_create(&ifk);
    CPhidgetInterfaceKit_getOutputCount(ifk, &phidget_num_outputs); return 0; }

Performing C SOURCE FILE Test HAVE_PHIDGET_2_1_8 failed with the following output:
Change Dir: /home/jrgunderson/Downloads/player/build/CMakeFiles/CMakeTmp

Run Build Command:/usr/bin/make "cmTryCompileExec4073904619/fast"
/usr/bin/make -f CMakeFiles/cmTryCompileExec4073904619.dir/build.make CMakeFiles/cmTryCompileExec4073904619.dir/build
make[1]: Entering directory `/home/jrgunderson/Downloads/player/build/CMakeFiles/CMakeTmp'
/usr/bin/cmake -E cmake_progress_report /home/jrgunderson/Downloads/player/build/CMakeFiles/CMakeTmp/CMakeFiles 1
Building C object CMakeFiles/cmTryCompileExec4073904619.dir/src.c.o
/usr/bin/cc   -Wall -DHAVE_PHIDGET_2_1_8  -lphidget21 -lphidget21   -o CMakeFiles/cmTryCompileExec4073904619.dir/src.c.o   -c /home/jrgunderson/Downloads/player/build/CMakeFiles/CMakeTmp/src.c
/home/jrgunderson/Downloads/player/build/CMakeFiles/CMakeTmp/src.c: In function ‘main’:
/home/jrgunderson/Downloads/player/build/CMakeFiles/CMakeTmp/src.c:3:5: warning: control reaches end of non-void function [-Wreturn-type]
     {CPhidgetRFIDHandle handle; CPhidgetRFID_set_OnTag2_Handler(handle,0,0);}
     ^
/home/jrgunderson/Downloads/player/build/CMakeFiles/CMakeTmp/src.c:3:64: warning: ‘handle’ is used uninitialized in this function [-Wuninitialized]
     {CPhidgetRFIDHandle handle; CPhidgetRFID_set_OnTag2_Handler(handle,0,0);}
                                                                ^
/home/jrgunderson/Downloads/player/build/CMakeFiles/CMakeTmp/src.c:3:25: note: ‘handle’ was declared here
     {CPhidgetRFIDHandle handle; CPhidgetRFID_set_OnTag2_Handler(handle,0,0);}
                         ^
Linking C executable cmTryCompileExec4073904619
/usr/bin/cmake -E cmake_link_script CMakeFiles/cmTryCompileExec4073904619.dir/link.txt --verbose=1
/usr/bin/cc   -Wall -DHAVE_PHIDGET_2_1_8  -lphidget21 -lphidget21    CMakeFiles/cmTryCompileExec4073904619.dir/src.c.o  -o cmTryCompileExec4073904619 -rdynamic 
CMakeFiles/cmTryCompileExec4073904619.dir/src.c.o: In function `main':
src.c:(.text+0x1a): undefined reference to `CPhidgetRFID_set_OnTag2_Handler'
collect2: error: ld returned 1 exit status
make[1]: Leaving directory `/home/jrgunderson/Downloads/player/build/CMakeFiles/CMakeTmp'
make[1]: *** [cmTryCompileExec4073904619] Error 1
make: *** [cmTryCompileExec4073904619/fast] Error 2

Source file was:
#include <phidget21.h>
 int main ()
    {CPhidgetRFIDHandle handle; CPhidgetRFID_set_OnTag2_Handler(handle,0,0);}
Determining if the include file canlib.h exists failed with the following output:
Change Dir: /home/jrgunderson/Downloads/player/build/CMakeFiles/CMakeTmp

Run Build Command:/usr/bin/make "cmTryCompileExec1435058275/fast"
/usr/bin/make -f CMakeFiles/cmTryCompileExec1435058275.dir/build.make CMakeFiles/cmTryCompileExec1435058275.dir/build
make[1]: Entering directory `/home/jrgunderson/Downloads/player/build/CMakeFiles/CMakeTmp'
/usr/bin/cmake -E cmake_progress_report /home/jrgunderson/Downloads/player/build/CMakeFiles/CMakeTmp/CMakeFiles 1
Building C object CMakeFiles/cmTryCompileExec1435058275.dir/CheckIncludeFile.c.o
/usr/bin/cc   -Wall  -lphidget21 -lphidget21   -o CMakeFiles/cmTryCompileExec1435058275.dir/CheckIncludeFile.c.o   -c /home/jrgunderson/Downloads/player/build/CMakeFiles/CMakeTmp/CheckIncludeFile.c
/home/jrgunderson/Downloads/player/build/CMakeFiles/CMakeTmp/CheckIncludeFile.c:1:20: fatal error: canlib.h: No such file or directory
 #include <canlib.h>
                    ^
compilation terminated.
make[1]: Leaving directory `/home/jrgunderson/Downloads/player/build/CMakeFiles/CMakeTmp'
make[1]: *** [CMakeFiles/cmTryCompileExec1435058275.dir/CheckIncludeFile.c.o] Error 1
make: *** [cmTryCompileExec1435058275/fast] Error 2


Determining if the include file SerialStream.h exists failed with the following output:
Change Dir: /home/jrgunderson/Downloads/player/build/CMakeFiles/CMakeTmp

Run Build Command:/usr/bin/make "cmTryCompileExec3431098061/fast"
/usr/bin/make -f CMakeFiles/cmTryCompileExec3431098061.dir/build.make CMakeFiles/cmTryCompileExec3431098061.dir/build
make[1]: Entering directory `/home/jrgunderson/Downloads/player/build/CMakeFiles/CMakeTmp'
/usr/bin/cmake -E cmake_progress_report /home/jrgunderson/Downloads/player/build/CMakeFiles/CMakeTmp/CMakeFiles 1
Building C object CMakeFiles/cmTryCompileExec3431098061.dir/CheckIncludeFile.c.o
/usr/bin/cc   -Wall  -lphidget21 -lphidget21   -o CMakeFiles/cmTryCompileExec3431098061.dir/CheckIncludeFile.c.o   -c /home/jrgunderson/Downloads/player/build/CMakeFiles/CMakeTmp/CheckIncludeFile.c
/home/jrgunderson/Downloads/player/build/CMakeFiles/CMakeTmp/CheckIncludeFile.c:1:26: fatal error: SerialStream.h: No such file or directory
 #include <SerialStream.h>
                          ^
compilation terminated.
make[1]: Leaving directory `/home/jrgunderson/Downloads/player/build/CMakeFiles/CMakeTmp'
make[1]: *** [CMakeFiles/cmTryCompileExec3431098061.dir/CheckIncludeFile.c.o] Error 1
make: *** [cmTryCompileExec3431098061/fast] Error 2


Determining if the function SerialStream exists in the serial failed with the following output:
Change Dir: /home/jrgunderson/Downloads/player/build/CMakeFiles/CMakeTmp

Run Build Command:/usr/bin/make "cmTryCompileExec2288532288/fast"
/usr/bin/make -f CMakeFiles/cmTryCompileExec2288532288.dir/build.make CMakeFiles/cmTryCompileExec2288532288.dir/build
make[1]: Entering directory `/home/jrgunderson/Downloads/player/build/CMakeFiles/CMakeTmp'
/usr/bin/cmake -E cmake_progress_report /home/jrgunderson/Downloads/player/build/CMakeFiles/CMakeTmp/CMakeFiles 1
Building C object CMakeFiles/cmTryCompileExec2288532288.dir/CheckFunctionExists.c.o
/usr/bin/cc   -Wall -DCHECK_FUNCTION_EXISTS=SerialStream  -lphidget21 -lphidget21   -o CMakeFiles/cmTryCompileExec2288532288.dir/CheckFunctionExists.c.o   -c /usr/share/cmake-2.8/Modules/CheckFunctionExists.c
Linking C executable cmTryCompileExec2288532288
/usr/bin/cmake -E cmake_link_script CMakeFiles/cmTryCompileExec2288532288.dir/link.txt --verbose=1
/usr/bin/cc   -Wall -DCHECK_FUNCTION_EXISTS=SerialStream  -lphidget21 -lphidget21    CMakeFiles/cmTryCompileExec2288532288.dir/CheckFunctionExists.c.o  -o cmTryCompileExec2288532288 -rdynamic -lserial 
/usr/bin/ld: cannot find -lserial
collect2: error: ld returned 1 exit status
make[1]: *** [cmTryCompileExec2288532288] Error 1
make[1]: Leaving directory `/home/jrgunderson/Downloads/player/build/CMakeFiles/CMakeTmp'
make: *** [cmTryCompileExec2288532288/fast] Error 2


Determining if the include file Device.h exists failed with the following output:
Change Dir: /home/jrgunderson/Downloads/player/build/CMakeFiles/CMakeTmp

Run Build Command:/usr/bin/make "cmTryCompileExec2690971701/fast"
/usr/bin/make -f CMakeFiles/cmTryCompileExec2690971701.dir/build.make CMakeFiles/cmTryCompileExec2690971701.dir/build
make[1]: Entering directory `/home/jrgunderson/Downloads/player/build/CMakeFiles/CMakeTmp'
/usr/bin/cmake -E cmake_progress_report /home/jrgunderson/Downloads/player/build/CMakeFiles/CMakeTmp/CMakeFiles 1
Building CXX object CMakeFiles/cmTryCompileExec2690971701.dir/CheckIncludeFile.cxx.o
/usr/bin/c++   -DLINUX -DUNIX -D__LINUX__ -Wall  -lphidget21 -lphidget21   -o CMakeFiles/cmTryCompileExec2690971701.dir/CheckIncludeFile.cxx.o -c /home/jrgunderson/Downloads/player/build/CMakeFiles/CMakeTmp/CheckIncludeFile.cxx
/home/jrgunderson/Downloads/player/build/CMakeFiles/CMakeTmp/CheckIncludeFile.cxx:1:20: fatal error: Device.h: No such file or directory
 #include <Device.h>
                    ^
compilation terminated.
make[1]: Leaving directory `/home/jrgunderson/Downloads/player/build/CMakeFiles/CMakeTmp'
make[1]: *** [CMakeFiles/cmTryCompileExec2690971701.dir/CheckIncludeFile.cxx.o] Error 1
make: *** [cmTryCompileExec2690971701/fast] Error 2


Determining if files sys/types.h;linux/videodev.h exist failed with the following output:
Change Dir: /home/jrgunderson/Downloads/player/build/CMakeFiles/CMakeTmp

Run Build Command:/usr/bin/make "cmTryCompileExec2361089234/fast"
/usr/bin/make -f CMakeFiles/cmTryCompileExec2361089234.dir/build.make CMakeFiles/cmTryCompileExec2361089234.dir/build
make[1]: Entering directory `/home/jrgunderson/Downloads/player/build/CMakeFiles/CMakeTmp'
/usr/bin/cmake -E cmake_progress_report /home/jrgunderson/Downloads/player/build/CMakeFiles/CMakeTmp/CMakeFiles 1
Building C object CMakeFiles/cmTryCompileExec2361089234.dir/CheckIncludeFiles.c.o
/usr/bin/cc   -Wall  -lphidget21 -lphidget21   -o CMakeFiles/cmTryCompileExec2361089234.dir/CheckIncludeFiles.c.o   -c /home/jrgunderson/Downloads/player/build/CMakeFiles/CMakeTmp/CheckIncludeFiles.c
/home/jrgunderson/Downloads/player/build/CMakeFiles/CMakeTmp/CheckIncludeFiles.c:3:28: fatal error: linux/videodev.h: No such file or directory
 #include <linux/videodev.h>
                            ^
compilation terminated.
make[1]: Leaving directory `/home/jrgunderson/Downloads/player/build/CMakeFiles/CMakeTmp'
make[1]: *** [CMakeFiles/cmTryCompileExec2361089234.dir/CheckIncludeFiles.c.o] Error 1
make: *** [cmTryCompileExec2361089234/fast] Error 2

Source:
/* */
#include <sys/types.h>
#include <linux/videodev.h>


int main(){return 0;}

Determining if files libptp2/ptp.h exist failed with the following output:
Change Dir: /home/jrgunderson/Downloads/player/build/CMakeFiles/CMakeTmp

Run Build Command:/usr/bin/make "cmTryCompileExec1207097594/fast"
/usr/bin/make -f CMakeFiles/cmTryCompileExec1207097594.dir/build.make CMakeFiles/cmTryCompileExec1207097594.dir/build
make[1]: Entering directory `/home/jrgunderson/Downloads/player/build/CMakeFiles/CMakeTmp'
/usr/bin/cmake -E cmake_progress_report /home/jrgunderson/Downloads/player/build/CMakeFiles/CMakeTmp/CMakeFiles 1
Building C object CMakeFiles/cmTryCompileExec1207097594.dir/CheckIncludeFiles.c.o
/usr/bin/cc   -Wall  -lphidget21 -lphidget21   -o CMakeFiles/cmTryCompileExec1207097594.dir/CheckIncludeFiles.c.o   -c /home/jrgunderson/Downloads/player/build/CMakeFiles/CMakeTmp/CheckIncludeFiles.c
/home/jrgunderson/Downloads/player/build/CMakeFiles/CMakeTmp/CheckIncludeFiles.c:2:25: fatal error: libptp2/ptp.h: No such file or directory
 #include <libptp2/ptp.h>
                         ^
compilation terminated.
make[1]: Leaving directory `/home/jrgunderson/Downloads/player/build/CMakeFiles/CMakeTmp'
make[1]: *** [CMakeFiles/cmTryCompileExec1207097594.dir/CheckIncludeFiles.c.o] Error 1
make: *** [cmTryCompileExec1207097594/fast] Error 2

Source:
/* */
#include <libptp2/ptp.h>


int main(){return 0;}

Determining if files yarp/os/all.h exist failed with the following output:
Change Dir: /home/jrgunderson/Downloads/player/build/CMakeFiles/CMakeTmp

Run Build Command:/usr/bin/make "cmTryCompileExec1537142378/fast"
/usr/bin/make -f CMakeFiles/cmTryCompileExec1537142378.dir/build.make CMakeFiles/cmTryCompileExec1537142378.dir/build
make[1]: Entering directory `/home/jrgunderson/Downloads/player/build/CMakeFiles/CMakeTmp'
/usr/bin/cmake -E cmake_progress_report /home/jrgunderson/Downloads/player/build/CMakeFiles/CMakeTmp/CMakeFiles 1
Building C object CMakeFiles/cmTryCompileExec1537142378.dir/CheckIncludeFiles.c.o
/usr/bin/cc   -Wall  -lphidget21 -lphidget21   -o CMakeFiles/cmTryCompileExec1537142378.dir/CheckIncludeFiles.c.o   -c /home/jrgunderson/Downloads/player/build/CMakeFiles/CMakeTmp/CheckIncludeFiles.c
/home/jrgunderson/Downloads/player/build/CMakeFiles/CMakeTmp/CheckIncludeFiles.c:2:25: fatal error: yarp/os/all.h: No such file or directory
 #include <yarp/os/all.h>
                         ^
compilation terminated.
make[1]: Leaving directory `/home/jrgunderson/Downloads/player/build/CMakeFiles/CMakeTmp'
make[1]: *** [CMakeFiles/cmTryCompileExec1537142378.dir/CheckIncludeFiles.c.o] Error 1
make: *** [cmTryCompileExec1537142378/fast] Error 2

Source:
/* */
#include <yarp/os/all.h>


int main(){return 0;}

Determining if files yarp/sig/all.h exist failed with the following output:
Change Dir: /home/jrgunderson/Downloads/player/build/CMakeFiles/CMakeTmp

Run Build Command:/usr/bin/make "cmTryCompileExec1054569323/fast"
/usr/bin/make -f CMakeFiles/cmTryCompileExec1054569323.dir/build.make CMakeFiles/cmTryCompileExec1054569323.dir/build
make[1]: Entering directory `/home/jrgunderson/Downloads/player/build/CMakeFiles/CMakeTmp'
/usr/bin/cmake -E cmake_progress_report /home/jrgunderson/Downloads/player/build/CMakeFiles/CMakeTmp/CMakeFiles 1
Building C object CMakeFiles/cmTryCompileExec1054569323.dir/CheckIncludeFiles.c.o
/usr/bin/cc   -Wall  -lphidget21 -lphidget21   -o CMakeFiles/cmTryCompileExec1054569323.dir/CheckIncludeFiles.c.o   -c /home/jrgunderson/Downloads/player/build/CMakeFiles/CMakeTmp/CheckIncludeFiles.c
/home/jrgunderson/Downloads/player/build/CMakeFiles/CMakeTmp/CheckIncludeFiles.c:2:26: fatal error: yarp/sig/all.h: No such file or directory
 #include <yarp/sig/all.h>
                          ^
compilation terminated.
make[1]: Leaving directory `/home/jrgunderson/Downloads/player/build/CMakeFiles/CMakeTmp'
make[1]: *** [CMakeFiles/cmTryCompileExec1054569323.dir/CheckIncludeFiles.c.o] Error 1
make: *** [cmTryCompileExec1054569323/fast] Error 2

Source:
/* */
#include <yarp/sig/all.h>


int main(){return 0;}

Determining if files usb.h exist failed with the following output:
Change Dir: /home/jrgunderson/Downloads/player/build/CMakeFiles/CMakeTmp

Run Build Command:/usr/bin/make "cmTryCompileExec2772731064/fast"
/usr/bin/make -f CMakeFiles/cmTryCompileExec2772731064.dir/build.make CMakeFiles/cmTryCompileExec2772731064.dir/build
make[1]: Entering directory `/home/jrgunderson/Downloads/player/build/CMakeFiles/CMakeTmp'
/usr/bin/cmake -E cmake_progress_report /home/jrgunderson/Downloads/player/build/CMakeFiles/CMakeTmp/CMakeFiles 1
Building C object CMakeFiles/cmTryCompileExec2772731064.dir/CheckIncludeFiles.c.o
/usr/bin/cc   -Wall  -lphidget21 -lphidget21   -o CMakeFiles/cmTryCompileExec2772731064.dir/CheckIncludeFiles.c.o   -c /home/jrgunderson/Downloads/player/build/CMakeFiles/CMakeTmp/CheckIncludeFiles.c
/home/jrgunderson/Downloads/player/build/CMakeFiles/CMakeTmp/CheckIncludeFiles.c:2:17: fatal error: usb.h: No such file or directory
 #include <usb.h>
                 ^
compilation terminated.
make[1]: Leaving directory `/home/jrgunderson/Downloads/player/build/CMakeFiles/CMakeTmp'
make[1]: *** [CMakeFiles/cmTryCompileExec2772731064.dir/CheckIncludeFiles.c.o] Error 1
make: *** [cmTryCompileExec2772731064/fast] Error 2

Source:
/* */
#include <usb.h>


int main(){return 0;}

Determining if the function main exists in the roboop failed with the following output:
Change Dir: /home/jrgunderson/Downloads/player/build/CMakeFiles/CMakeTmp

Run Build Command:/usr/bin/make "cmTryCompileExec4182138877/fast"
/usr/bin/make -f CMakeFiles/cmTryCompileExec4182138877.dir/build.make CMakeFiles/cmTryCompileExec4182138877.dir/build
make[1]: Entering directory `/home/jrgunderson/Downloads/player/build/CMakeFiles/CMakeTmp'
/usr/bin/cmake -E cmake_progress_report /home/jrgunderson/Downloads/player/build/CMakeFiles/CMakeTmp/CMakeFiles 1
Building C object CMakeFiles/cmTryCompileExec4182138877.dir/CheckFunctionExists.c.o
/usr/bin/cc   -Wall -DCHECK_FUNCTION_EXISTS=main  -lphidget21 -lphidget21   -o CMakeFiles/cmTryCompileExec4182138877.dir/CheckFunctionExists.c.o   -c /usr/share/cmake-2.8/Modules/CheckFunctionExists.c
/usr/share/cmake-2.8/Modules/CheckFunctionExists.c:9:5: error: conflicting types for ‘main’
 int main(int ac, char*av[]){
     ^
<command-line>:0:23: note: previous declaration of ‘main’ was here
/usr/share/cmake-2.8/Modules/CheckFunctionExists.c:3:6: note: in expansion of macro ‘CHECK_FUNCTION_EXISTS’
 char CHECK_FUNCTION_EXISTS();
      ^
/usr/share/cmake-2.8/Modules/CheckFunctionExists.c: In function ‘main’:
/usr/share/cmake-2.8/Modules/CheckFunctionExists.c:11:3: error: too few arguments to function ‘main’
   CHECK_FUNCTION_EXISTS();
   ^
/usr/share/cmake-2.8/Modules/CheckFunctionExists.c:9:5: note: declared here
 int main(int ac, char*av[]){
     ^
make[1]: Leaving directory `/home/jrgunderson/Downloads/player/build/CMakeFiles/CMakeTmp'
make[1]: *** [CMakeFiles/cmTryCompileExec4182138877.dir/CheckFunctionExists.c.o] Error 1
make: *** [cmTryCompileExec4182138877/fast] Error 2


Determining if files robotinocom.h exist failed with the following output:
Change Dir: /home/jrgunderson/Downloads/player/build/CMakeFiles/CMakeTmp

Run Build Command:/usr/bin/make "cmTryCompileExec2032137640/fast"
/usr/bin/make -f CMakeFiles/cmTryCompileExec2032137640.dir/build.make CMakeFiles/cmTryCompileExec2032137640.dir/build
make[1]: Entering directory `/home/jrgunderson/Downloads/player/build/CMakeFiles/CMakeTmp'
/usr/bin/cmake -E cmake_progress_report /home/jrgunderson/Downloads/player/build/CMakeFiles/CMakeTmp/CMakeFiles 1
Building C object CMakeFiles/cmTryCompileExec2032137640.dir/CheckIncludeFiles.c.o
/usr/bin/cc   -Wall  -lphidget21 -lphidget21   -o CMakeFiles/cmTryCompileExec2032137640.dir/CheckIncludeFiles.c.o   -c /home/jrgunderson/Downloads/player/build/CMakeFiles/CMakeTmp/CheckIncludeFiles.c
/home/jrgunderson/Downloads/player/build/CMakeFiles/CMakeTmp/CheckIncludeFiles.c:2:25: fatal error: robotinocom.h: No such file or directory
 #include <robotinocom.h>
                         ^
compilation terminated.
make[1]: Leaving directory `/home/jrgunderson/Downloads/player/build/CMakeFiles/CMakeTmp'
make[1]: *** [CMakeFiles/cmTryCompileExec2032137640.dir/CheckIncludeFiles.c.o] Error 1
make: *** [cmTryCompileExec2032137640/fast] Error 2

Source:
/* */
#include <robotinocom.h>


int main(){return 0;}

Determining if files xtimer.h exist failed with the following output:
Change Dir: /home/jrgunderson/Downloads/player/build/CMakeFiles/CMakeTmp

Run Build Command:/usr/bin/make "cmTryCompileExec4119024275/fast"
/usr/bin/make -f CMakeFiles/cmTryCompileExec4119024275.dir/build.make CMakeFiles/cmTryCompileExec4119024275.dir/build
make[1]: Entering directory `/home/jrgunderson/Downloads/player/build/CMakeFiles/CMakeTmp'
/usr/bin/cmake -E cmake_progress_report /home/jrgunderson/Downloads/player/build/CMakeFiles/CMakeTmp/CMakeFiles 1
Building C object CMakeFiles/cmTryCompileExec4119024275.dir/CheckIncludeFiles.c.o
/usr/bin/cc   -Wall  -lphidget21 -lphidget21   -o CMakeFiles/cmTryCompileExec4119024275.dir/CheckIncludeFiles.c.o   -c /home/jrgunderson/Downloads/player/build/CMakeFiles/CMakeTmp/CheckIncludeFiles.c
/home/jrgunderson/Downloads/player/build/CMakeFiles/CMakeTmp/CheckIncludeFiles.c:2:20: fatal error: xtimer.h: No such file or directory
 #include <xtimer.h>
                    ^
compilation terminated.
make[1]: Leaving directory `/home/jrgunderson/Downloads/player/build/CMakeFiles/CMakeTmp'
make[1]: *** [CMakeFiles/cmTryCompileExec4119024275.dir/CheckIncludeFiles.c.o] Error 1
make: *** [cmTryCompileExec4119024275/fast] Error 2

Source:
/* */
#include <xtimer.h>


int main(){return 0;}

Determining if files xthread.h exist failed with the following output:
Change Dir: /home/jrgunderson/Downloads/player/build/CMakeFiles/CMakeTmp

Run Build Command:/usr/bin/make "cmTryCompileExec2845545748/fast"
/usr/bin/make -f CMakeFiles/cmTryCompileExec2845545748.dir/build.make CMakeFiles/cmTryCompileExec2845545748.dir/build
make[1]: Entering directory `/home/jrgunderson/Downloads/player/build/CMakeFiles/CMakeTmp'
/usr/bin/cmake -E cmake_progress_report /home/jrgunderson/Downloads/player/build/CMakeFiles/CMakeTmp/CMakeFiles 1
Building C object CMakeFiles/cmTryCompileExec2845545748.dir/CheckIncludeFiles.c.o
/usr/bin/cc   -Wall  -lphidget21 -lphidget21   -o CMakeFiles/cmTryCompileExec2845545748.dir/CheckIncludeFiles.c.o   -c /home/jrgunderson/Downloads/player/build/CMakeFiles/CMakeTmp/CheckIncludeFiles.c
/home/jrgunderson/Downloads/player/build/CMakeFiles/CMakeTmp/CheckIncludeFiles.c:2:21: fatal error: xthread.h: No such file or directory
 #include <xthread.h>
                     ^
compilation terminated.
make[1]: *** [CMakeFiles/cmTryCompileExec2845545748.dir/CheckIncludeFiles.c.o] Error 1
make[1]: Leaving directory `/home/jrgunderson/Downloads/player/build/CMakeFiles/CMakeTmp'
make: *** [cmTryCompileExec2845545748/fast] Error 2

Source:
/* */
#include <xthread.h>


int main(){return 0;}

Determining if files libusbSR.h exist failed with the following output:
Change Dir: /home/jrgunderson/Downloads/player/build/CMakeFiles/CMakeTmp

Run Build Command:/usr/bin/make "cmTryCompileExec3095365936/fast"
/usr/bin/make -f CMakeFiles/cmTryCompileExec3095365936.dir/build.make CMakeFiles/cmTryCompileExec3095365936.dir/build
make[1]: Entering directory `/home/jrgunderson/Downloads/player/build/CMakeFiles/CMakeTmp'
/usr/bin/cmake -E cmake_progress_report /home/jrgunderson/Downloads/player/build/CMakeFiles/CMakeTmp/CMakeFiles 1
Building C object CMakeFiles/cmTryCompileExec3095365936.dir/CheckIncludeFiles.c.o
/usr/bin/cc   -Wall  -lphidget21 -lphidget21   -o CMakeFiles/cmTryCompileExec3095365936.dir/CheckIncludeFiles.c.o   -c /home/jrgunderson/Downloads/player/build/CMakeFiles/CMakeTmp/CheckIncludeFiles.c
/home/jrgunderson/Downloads/player/build/CMakeFiles/CMakeTmp/CheckIncludeFiles.c:2:22: fatal error: libusbSR.h: No such file or directory
 #include <libusbSR.h>
                      ^
compilation terminated.
make[1]: Leaving directory `/home/jrgunderson/Downloads/player/build/CMakeFiles/CMakeTmp'
make[1]: *** [CMakeFiles/cmTryCompileExec3095365936.dir/CheckIncludeFiles.c.o] Error 1
make: *** [cmTryCompileExec3095365936/fast] Error 2

Source:
/* */
#include <libusbSR.h>


int main(){return 0;}

Determining if the include file libMesaSR.h exists failed with the following output:
Change Dir: /home/jrgunderson/Downloads/player/build/CMakeFiles/CMakeTmp

Run Build Command:/usr/bin/make "cmTryCompileExec3278117789/fast"
/usr/bin/make -f CMakeFiles/cmTryCompileExec3278117789.dir/build.make CMakeFiles/cmTryCompileExec3278117789.dir/build
make[1]: Entering directory `/home/jrgunderson/Downloads/player/build/CMakeFiles/CMakeTmp'
/usr/bin/cmake -E cmake_progress_report /home/jrgunderson/Downloads/player/build/CMakeFiles/CMakeTmp/CMakeFiles 1
Building CXX object CMakeFiles/cmTryCompileExec3278117789.dir/CheckIncludeFile.cxx.o
/usr/bin/c++    -Wall  -lphidget21 -lphidget21   -o CMakeFiles/cmTryCompileExec3278117789.dir/CheckIncludeFile.cxx.o -c /home/jrgunderson/Downloads/player/build/CMakeFiles/CMakeTmp/CheckIncludeFile.cxx
/home/jrgunderson/Downloads/player/build/CMakeFiles/CMakeTmp/CheckIncludeFile.cxx:1:23: fatal error: libMesaSR.h: No such file or directory
 #include <libMesaSR.h>
                       ^
compilation terminated.
make[1]: Leaving directory `/home/jrgunderson/Downloads/player/build/CMakeFiles/CMakeTmp'
make[1]: *** [CMakeFiles/cmTryCompileExec3278117789.dir/CheckIncludeFile.cxx.o] Error 1
make: *** [cmTryCompileExec3278117789/fast] Error 2


Determining if files isense/isense.h exist failed with the following output:
Change Dir: /home/jrgunderson/Downloads/player/build/CMakeFiles/CMakeTmp

Run Build Command:/usr/bin/make "cmTryCompileExec1456133506/fast"
/usr/bin/make -f CMakeFiles/cmTryCompileExec1456133506.dir/build.make CMakeFiles/cmTryCompileExec1456133506.dir/build
make[1]: Entering directory `/home/jrgunderson/Downloads/player/build/CMakeFiles/CMakeTmp'
/usr/bin/cmake -E cmake_progress_report /home/jrgunderson/Downloads/player/build/CMakeFiles/CMakeTmp/CMakeFiles 1
Building C object CMakeFiles/cmTryCompileExec1456133506.dir/CheckIncludeFiles.c.o
/usr/bin/cc   -Wall  -lphidget21 -lphidget21   -o CMakeFiles/cmTryCompileExec1456133506.dir/CheckIncludeFiles.c.o   -c /home/jrgunderson/Downloads/player/build/CMakeFiles/CMakeTmp/CheckIncludeFiles.c
/home/jrgunderson/Downloads/player/build/CMakeFiles/CMakeTmp/CheckIncludeFiles.c:2:27: fatal error: isense/isense.h: No such file or directory
 #include <isense/isense.h>
                           ^
compilation terminated.
make[1]: Leaving directory `/home/jrgunderson/Downloads/player/build/CMakeFiles/CMakeTmp'
make[1]: *** [CMakeFiles/cmTryCompileExec1456133506.dir/CheckIncludeFiles.c.o] Error 1
make: *** [cmTryCompileExec1456133506/fast] Error 2

Source:
/* */
#include <isense/isense.h>


int main(){return 0;}

Determining if files sphinx2/ckd_alloc.h exist failed with the following output:
Change Dir: /home/jrgunderson/Downloads/player/build/CMakeFiles/CMakeTmp

Run Build Command:/usr/bin/make "cmTryCompileExec524106711/fast"
/usr/bin/make -f CMakeFiles/cmTryCompileExec524106711.dir/build.make CMakeFiles/cmTryCompileExec524106711.dir/build
make[1]: Entering directory `/home/jrgunderson/Downloads/player/build/CMakeFiles/CMakeTmp'
/usr/bin/cmake -E cmake_progress_report /home/jrgunderson/Downloads/player/build/CMakeFiles/CMakeTmp/CMakeFiles 1
Building C object CMakeFiles/cmTryCompileExec524106711.dir/CheckIncludeFiles.c.o
/usr/bin/cc   -Wall  -lphidget21 -lphidget21   -o CMakeFiles/cmTryCompileExec524106711.dir/CheckIncludeFiles.c.o   -c /home/jrgunderson/Downloads/player/build/CMakeFiles/CMakeTmp/CheckIncludeFiles.c
/home/jrgunderson/Downloads/player/build/CMakeFiles/CMakeTmp/CheckIncludeFiles.c:2:31: fatal error: sphinx2/ckd_alloc.h: No such file or directory
 #include <sphinx2/ckd_alloc.h>
                               ^
compilation terminated.
make[1]: Leaving directory `/home/jrgunderson/Downloads/player/build/CMakeFiles/CMakeTmp'
make[1]: *** [CMakeFiles/cmTryCompileExec524106711.dir/CheckIncludeFiles.c.o] Error 1
make: *** [cmTryCompileExec524106711/fast] Error 2

Source:
/* */
#include <sphinx2/ckd_alloc.h>


int main(){return 0;}

Determining if the include file SVS/svsclass.h exists failed with the following output:
Change Dir: /home/jrgunderson/Downloads/player/build/CMakeFiles/CMakeTmp

Run Build Command:/usr/bin/make "cmTryCompileExec2146515774/fast"
/usr/bin/make -f CMakeFiles/cmTryCompileExec2146515774.dir/build.make CMakeFiles/cmTryCompileExec2146515774.dir/build
make[1]: Entering directory `/home/jrgunderson/Downloads/player/build/CMakeFiles/CMakeTmp'
/usr/bin/cmake -E cmake_progress_report /home/jrgunderson/Downloads/player/build/CMakeFiles/CMakeTmp/CMakeFiles 1
Building CXX object CMakeFiles/cmTryCompileExec2146515774.dir/CheckIncludeFile.cxx.o
/usr/bin/c++    -Wall  -lphidget21 -lphidget21   -o CMakeFiles/cmTryCompileExec2146515774.dir/CheckIncludeFile.cxx.o -c /home/jrgunderson/Downloads/player/build/CMakeFiles/CMakeTmp/CheckIncludeFile.cxx
/home/jrgunderson/Downloads/player/build/CMakeFiles/CMakeTmp/CheckIncludeFile.cxx:1:26: fatal error: SVS/svsclass.h: No such file or directory
 #include <SVS/svsclass.h>
                          ^
compilation terminated.
make[1]: Leaving directory `/home/jrgunderson/Downloads/player/build/CMakeFiles/CMakeTmp'
make[1]: *** [CMakeFiles/cmTryCompileExec2146515774.dir/CheckIncludeFile.cxx.o] Error 1
make: *** [cmTryCompileExec2146515774/fast] Error 2


Determining if files libparticle.h exist failed with the following output:
Change Dir: /home/jrgunderson/Downloads/player/build/CMakeFiles/CMakeTmp

Run Build Command:/usr/bin/make "cmTryCompileExec991241010/fast"
/usr/bin/make -f CMakeFiles/cmTryCompileExec991241010.dir/build.make CMakeFiles/cmTryCompileExec991241010.dir/build
make[1]: Entering directory `/home/jrgunderson/Downloads/player/build/CMakeFiles/CMakeTmp'
/usr/bin/cmake -E cmake_progress_report /home/jrgunderson/Downloads/player/build/CMakeFiles/CMakeTmp/CMakeFiles 1
Building C object CMakeFiles/cmTryCompileExec991241010.dir/CheckIncludeFiles.c.o
/usr/bin/cc   -Wall  -lphidget21 -lphidget21   -o CMakeFiles/cmTryCompileExec991241010.dir/CheckIncludeFiles.c.o   -c /home/jrgunderson/Downloads/player/build/CMakeFiles/CMakeTmp/CheckIncludeFiles.c
/home/jrgunderson/Downloads/player/build/CMakeFiles/CMakeTmp/CheckIncludeFiles.c:2:25: fatal error: libparticle.h: No such file or directory
 #include <libparticle.h>
                         ^
compilation terminated.
make[1]: Leaving directory `/home/jrgunderson/Downloads/player/build/CMakeFiles/CMakeTmp'
make[1]: *** [CMakeFiles/cmTryCompileExec991241010.dir/CheckIncludeFiles.c.o] Error 1
make: *** [cmTryCompileExec991241010/fast] Error 2

Source:
/* */
#include <libparticle.h>


int main(){return 0;}

